<?xml version="1.0" encoding="UTF-8"?>
<coverage generated="1656615819705" clover="3.2.0">
  <project timestamp="1656615819705" name="All files">
    <metrics statements="71" coveredstatements="43" conditionals="20" coveredconditionals="17" methods="18" coveredmethods="8" elements="109" coveredelements="68" complexity="0" loc="71" ncloc="71" packages="2" files="2" classes="2"/>
    <package name="Pages">
      <metrics statements="53" coveredstatements="41" conditionals="20" coveredconditionals="17" methods="9" coveredmethods="8"/>
      <file name="registerPage.js" path="C:\Users\Kwame\Desktop\React Projects\New Todo\Fullstack-todo-app\todo_client\src\Pages\registerPage.js">
        <metrics statements="53" coveredstatements="41" conditionals="20" coveredconditionals="17" methods="9" coveredmethods="8"/>
        <line num="11" count="1" type="stmt"/>
        <line num="12" count="39" type="stmt"/>
        <line num="13" count="39" type="stmt"/>
        <line num="14" count="39" type="stmt"/>
        <line num="15" count="39" type="stmt"/>
        <line num="16" count="39" type="stmt"/>
        <line num="17" count="39" type="stmt"/>
        <line num="18" count="39" type="stmt"/>
        <line num="19" count="39" type="stmt"/>
        <line num="20" count="39" type="stmt"/>
        <line num="23" count="39" type="stmt"/>
        <line num="24" count="12" type="stmt"/>
        <line num="25" count="12" type="stmt"/>
        <line num="29" count="39" type="stmt"/>
        <line num="33" count="39" type="stmt"/>
        <line num="40" count="39" type="stmt"/>
        <line num="41" count="2" type="stmt"/>
        <line num="44" count="39" type="stmt"/>
        <line num="45" count="4" type="stmt"/>
        <line num="48" count="39" type="stmt"/>
        <line num="49" count="3" type="stmt"/>
        <line num="52" count="39" type="stmt"/>
        <line num="53" count="2" type="stmt"/>
        <line num="57" count="39" type="stmt"/>
        <line num="58" count="4" type="stmt"/>
        <line num="60" count="4" type="cond" truecount="2" falsecount="0"/>
        <line num="61" count="1" type="stmt"/>
        <line num="63" count="3" type="cond" truecount="2" falsecount="0"/>
        <line num="64" count="1" type="stmt"/>
        <line num="65" count="1" type="stmt"/>
        <line num="67" count="2" type="cond" truecount="2" falsecount="0"/>
        <line num="68" count="1" type="stmt"/>
        <line num="69" count="1" type="stmt"/>
        <line num="70" count="1" type="stmt"/>
        <line num="72" count="1" type="cond" truecount="1" falsecount="1"/>
        <line num="73" count="1" type="stmt"/>
        <line num="74" count="1" type="stmt"/>
        <line num="75" count="1" type="stmt"/>
        <line num="76" count="1" type="stmt"/>
        <line num="78" count="0" type="stmt"/>
        <line num="79" count="0" type="stmt"/>
        <line num="80" count="0" type="stmt"/>
        <line num="81" count="0" type="stmt"/>
        <line num="82" count="0" type="stmt"/>
        <line num="83" count="0" type="stmt"/>
        <line num="84" count="0" type="stmt"/>
        <line num="85" count="0" type="stmt"/>
        <line num="89" count="0" type="stmt"/>
        <line num="94" count="39" type="stmt"/>
        <line num="95" count="0" type="stmt"/>
        <line num="96" count="0" type="stmt"/>
        <line num="97" count="0" type="stmt"/>
        <line num="101" count="39" type="stmt"/>
      </file>
    </package>
    <package name="Redux">
      <metrics statements="18" coveredstatements="2" conditionals="0" coveredconditionals="0" methods="9" coveredmethods="0"/>
      <file name="usersSlice.js" path="C:\Users\Kwame\Desktop\React Projects\New Todo\Fullstack-todo-app\todo_client\src\Redux\usersSlice.js">
        <metrics statements="18" coveredstatements="2" conditionals="0" coveredconditionals="0" methods="9" coveredmethods="0"/>
        <line num="4" count="1" type="stmt"/>
        <line num="18" count="0" type="stmt"/>
        <line num="21" count="0" type="stmt"/>
        <line num="22" count="0" type="stmt"/>
        <line num="23" count="0" type="stmt"/>
        <line num="24" count="0" type="stmt"/>
        <line num="27" count="0" type="stmt"/>
        <line num="28" count="0" type="stmt"/>
        <line num="31" count="0" type="stmt"/>
        <line num="34" count="0" type="stmt"/>
        <line num="37" count="0" type="stmt"/>
        <line num="38" count="0" type="stmt"/>
        <line num="39" count="0" type="stmt"/>
        <line num="42" count="0" type="stmt"/>
        <line num="43" count="0" type="stmt"/>
        <line num="46" count="0" type="stmt"/>
        <line num="49" count="0" type="stmt"/>
        <line num="55" count="1" type="stmt"/>
      </file>
    </package>
  </project>
</coverage>
