{"C:\\Users\\Kwame\\Desktop\\React Projects\\New Todo\\Fullstack-todo-app\\todo_client\\src\\Pages\\loginPage.js": {"path":"C:\\Users\\Kwame\\Desktop\\React Projects\\New Todo\\Fullstack-todo-app\\todo_client\\src\\Pages\\loginPage.js","statementMap":{"0":{"start":{"line":10,"column":18},"end":{"line":92,"column":1}},"1":{"start":{"line":11,"column":17},"end":{"line":11,"column":50}},"2":{"start":{"line":11,"column":38},"end":{"line":11,"column":49}},"3":{"start":{"line":12,"column":30},"end":{"line":12,"column":42}},"4":{"start":{"line":13,"column":36},"end":{"line":13,"column":48}},"5":{"start":{"line":14,"column":46},"end":{"line":14,"column":61}},"6":{"start":{"line":15,"column":60},"end":{"line":15,"column":75}},"7":{"start":{"line":17,"column":21},"end":{"line":17,"column":34}},"8":{"start":{"line":20,"column":24},"end":{"line":23,"column":5}},"9":{"start":{"line":25,"column":24},"end":{"line":27,"column":5}},"10":{"start":{"line":26,"column":8},"end":{"line":26,"column":32}},"11":{"start":{"line":29,"column":28},"end":{"line":31,"column":5}},"12":{"start":{"line":30,"column":8},"end":{"line":30,"column":35}},"13":{"start":{"line":34,"column":25},"end":{"line":47,"column":5}},"14":{"start":{"line":35,"column":12},"end":{"line":35,"column":34}},"15":{"start":{"line":36,"column":12},"end":{"line":38,"column":13}},"16":{"start":{"line":37,"column":15},"end":{"line":37,"column":44}},"17":{"start":{"line":39,"column":12},"end":{"line":45,"column":13}},"18":{"start":{"line":40,"column":28},"end":{"line":40,"column":75}},"19":{"start":{"line":41,"column":16},"end":{"line":41,"column":48}},"20":{"start":{"line":44,"column":16},"end":{"line":44,"column":38}},"21":{"start":{"line":50,"column":33},"end":{"line":52,"column":5}},"22":{"start":{"line":51,"column":8},"end":{"line":51,"column":37}},"23":{"start":{"line":54,"column":2},"end":{"line":91,"column":3}}},"fnMap":{"0":{"name":"(anonymous_0)","decl":{"start":{"line":10,"column":18},"end":{"line":10,"column":19}},"loc":{"start":{"line":10,"column":24},"end":{"line":92,"column":1}},"line":10},"1":{"name":"(anonymous_1)","decl":{"start":{"line":11,"column":29},"end":{"line":11,"column":30}},"loc":{"start":{"line":11,"column":38},"end":{"line":11,"column":49}},"line":11},"2":{"name":"(anonymous_2)","decl":{"start":{"line":25,"column":24},"end":{"line":25,"column":25}},"loc":{"start":{"line":25,"column":31},"end":{"line":27,"column":5}},"line":25},"3":{"name":"(anonymous_3)","decl":{"start":{"line":29,"column":28},"end":{"line":29,"column":29}},"loc":{"start":{"line":29,"column":35},"end":{"line":31,"column":5}},"line":29},"4":{"name":"(anonymous_4)","decl":{"start":{"line":34,"column":25},"end":{"line":34,"column":26}},"loc":{"start":{"line":34,"column":36},"end":{"line":47,"column":5}},"line":34},"5":{"name":"(anonymous_5)","decl":{"start":{"line":50,"column":33},"end":{"line":50,"column":34}},"loc":{"start":{"line":50,"column":39},"end":{"line":52,"column":5}},"line":50}},"branchMap":{"0":{"loc":{"start":{"line":36,"column":12},"end":{"line":38,"column":13}},"type":"if","locations":[{"start":{"line":36,"column":12},"end":{"line":38,"column":13}},{"start":{},"end":{}}],"line":36},"1":{"loc":{"start":{"line":63,"column":12},"end":{"line":85,"column":27}},"type":"cond-expr","locations":[{"start":{"line":63,"column":34},"end":{"line":63,"column":99}},{"start":{"line":64,"column":11},"end":{"line":85,"column":27}}],"line":63},"2":{"loc":{"start":{"line":67,"column":67},"end":{"line":67,"column":103}},"type":"cond-expr","locations":[{"start":{"line":67,"column":83},"end":{"line":67,"column":92}},{"start":{"line":67,"column":95},"end":{"line":67,"column":103}}],"line":67},"3":{"loc":{"start":{"line":68,"column":71},"end":{"line":68,"column":106}},"type":"cond-expr","locations":[{"start":{"line":68,"column":86},"end":{"line":68,"column":95}},{"start":{"line":68,"column":98},"end":{"line":68,"column":106}}],"line":68}},"s":{"0":1,"1":13,"2":15,"3":13,"4":13,"5":13,"6":13,"7":13,"8":13,"9":13,"10":2,"11":13,"12":2,"13":13,"14":2,"15":2,"16":1,"17":1,"18":1,"19":0,"20":1,"21":13,"22":1,"23":13},"f":{"0":13,"1":15,"2":2,"3":2,"4":2,"5":1},"b":{"0":[1,1],"1":[1,12],"2":[3,9],"3":[1,11]},"_coverageSchema":"1a1c01bbd47fc00a2c39e90264f33305004495a9","hash":"a7345469db5c58f052b6f0dc550838fcb9190493"}
,"C:\\Users\\Kwame\\Desktop\\React Projects\\New Todo\\Fullstack-todo-app\\todo_client\\src\\Pages\\registerPage.js": {"path":"C:\\Users\\Kwame\\Desktop\\React Projects\\New Todo\\Fullstack-todo-app\\todo_client\\src\\Pages\\registerPage.js","statementMap":{"0":{"start":{"line":11,"column":21},"end":{"line":149,"column":1}},"1":{"start":{"line":12,"column":17},"end":{"line":12,"column":50}},"2":{"start":{"line":12,"column":38},"end":{"line":12,"column":49}},"3":{"start":{"line":13,"column":36},"end":{"line":13,"column":48}},"4":{"start":{"line":14,"column":30},"end":{"line":14,"column":42}},"5":{"start":{"line":15,"column":36},"end":{"line":15,"column":48}},"6":{"start":{"line":16,"column":50},"end":{"line":16,"column":62}},"7":{"start":{"line":17,"column":46},"end":{"line":17,"column":61}},"8":{"start":{"line":18,"column":46},"end":{"line":18,"column":61}},"9":{"start":{"line":19,"column":46},"end":{"line":19,"column":61}},"10":{"start":{"line":20,"column":40},"end":{"line":20,"column":55}},"11":{"start":{"line":23,"column":4},"end":{"line":26,"column":10}},"12":{"start":{"line":24,"column":8},"end":{"line":24,"column":30}},"13":{"start":{"line":25,"column":8},"end":{"line":25,"column":31}},"14":{"start":{"line":29,"column":21},"end":{"line":29,"column":34}},"15":{"start":{"line":33,"column":39},"end":{"line":37,"column":5}},"16":{"start":{"line":40,"column":24},"end":{"line":42,"column":5}},"17":{"start":{"line":41,"column":8},"end":{"line":41,"column":32}},"18":{"start":{"line":44,"column":28},"end":{"line":46,"column":5}},"19":{"start":{"line":45,"column":8},"end":{"line":45,"column":35}},"20":{"start":{"line":48,"column":28},"end":{"line":50,"column":5}},"21":{"start":{"line":49,"column":8},"end":{"line":49,"column":35}},"22":{"start":{"line":52,"column":35},"end":{"line":54,"column":5}},"23":{"start":{"line":53,"column":8},"end":{"line":53,"column":42}},"24":{"start":{"line":57,"column":33},"end":{"line":91,"column":5}},"25":{"start":{"line":58,"column":8},"end":{"line":58,"column":35}},"26":{"start":{"line":60,"column":8},"end":{"line":62,"column":9}},"27":{"start":{"line":61,"column":12},"end":{"line":61,"column":43}},"28":{"start":{"line":63,"column":8},"end":{"line":66,"column":9}},"29":{"start":{"line":64,"column":12},"end":{"line":64,"column":35}},"30":{"start":{"line":65,"column":12},"end":{"line":65,"column":43}},"31":{"start":{"line":67,"column":8},"end":{"line":71,"column":9}},"32":{"start":{"line":68,"column":12},"end":{"line":68,"column":35}},"33":{"start":{"line":69,"column":12},"end":{"line":69,"column":35}},"34":{"start":{"line":70,"column":12},"end":{"line":70,"column":40}},"35":{"start":{"line":72,"column":8},"end":{"line":77,"column":9}},"36":{"start":{"line":73,"column":12},"end":{"line":73,"column":35}},"37":{"start":{"line":74,"column":12},"end":{"line":74,"column":35}},"38":{"start":{"line":75,"column":12},"end":{"line":75,"column":32}},"39":{"start":{"line":76,"column":12},"end":{"line":76,"column":42}},"40":{"start":{"line":78,"column":8},"end":{"line":90,"column":9}},"41":{"start":{"line":79,"column":16},"end":{"line":79,"column":38}},"42":{"start":{"line":80,"column":28},"end":{"line":80,"column":93}},"43":{"start":{"line":81,"column":16},"end":{"line":81,"column":73}},"44":{"start":{"line":82,"column":16},"end":{"line":82,"column":31}},"45":{"start":{"line":83,"column":16},"end":{"line":83,"column":28}},"46":{"start":{"line":84,"column":16},"end":{"line":84,"column":31}},"47":{"start":{"line":85,"column":16},"end":{"line":85,"column":38}},"48":{"start":{"line":89,"column":12},"end":{"line":89,"column":41}},"49":{"start":{"line":94,"column":25},"end":{"line":99,"column":5}},"50":{"start":{"line":95,"column":8},"end":{"line":95,"column":44}},"51":{"start":{"line":96,"column":8},"end":{"line":96,"column":35}},"52":{"start":{"line":97,"column":8},"end":{"line":97,"column":28}},"53":{"start":{"line":101,"column":2},"end":{"line":148,"column":3}}},"fnMap":{"0":{"name":"(anonymous_0)","decl":{"start":{"line":11,"column":21},"end":{"line":11,"column":22}},"loc":{"start":{"line":11,"column":32},"end":{"line":149,"column":1}},"line":11},"1":{"name":"(anonymous_1)","decl":{"start":{"line":12,"column":29},"end":{"line":12,"column":30}},"loc":{"start":{"line":12,"column":38},"end":{"line":12,"column":49}},"line":12},"2":{"name":"(anonymous_2)","decl":{"start":{"line":23,"column":14},"end":{"line":23,"column":15}},"loc":{"start":{"line":23,"column":20},"end":{"line":26,"column":5}},"line":23},"3":{"name":"(anonymous_3)","decl":{"start":{"line":40,"column":24},"end":{"line":40,"column":25}},"loc":{"start":{"line":40,"column":31},"end":{"line":42,"column":5}},"line":40},"4":{"name":"(anonymous_4)","decl":{"start":{"line":44,"column":28},"end":{"line":44,"column":29}},"loc":{"start":{"line":44,"column":35},"end":{"line":46,"column":5}},"line":44},"5":{"name":"(anonymous_5)","decl":{"start":{"line":48,"column":28},"end":{"line":48,"column":29}},"loc":{"start":{"line":48,"column":35},"end":{"line":50,"column":5}},"line":48},"6":{"name":"(anonymous_6)","decl":{"start":{"line":52,"column":35},"end":{"line":52,"column":36}},"loc":{"start":{"line":52,"column":42},"end":{"line":54,"column":5}},"line":52},"7":{"name":"(anonymous_7)","decl":{"start":{"line":57,"column":33},"end":{"line":57,"column":34}},"loc":{"start":{"line":57,"column":44},"end":{"line":91,"column":5}},"line":57},"8":{"name":"(anonymous_8)","decl":{"start":{"line":94,"column":25},"end":{"line":94,"column":26}},"loc":{"start":{"line":94,"column":31},"end":{"line":99,"column":5}},"line":94}},"branchMap":{"0":{"loc":{"start":{"line":60,"column":8},"end":{"line":62,"column":9}},"type":"if","locations":[{"start":{"line":60,"column":8},"end":{"line":62,"column":9}},{"start":{},"end":{}}],"line":60},"1":{"loc":{"start":{"line":63,"column":8},"end":{"line":66,"column":9}},"type":"if","locations":[{"start":{"line":63,"column":8},"end":{"line":66,"column":9}},{"start":{},"end":{}}],"line":63},"2":{"loc":{"start":{"line":67,"column":8},"end":{"line":71,"column":9}},"type":"if","locations":[{"start":{"line":67,"column":8},"end":{"line":71,"column":9}},{"start":{},"end":{}}],"line":67},"3":{"loc":{"start":{"line":72,"column":8},"end":{"line":77,"column":9}},"type":"if","locations":[{"start":{"line":72,"column":8},"end":{"line":77,"column":9}},{"start":{},"end":{}}],"line":72},"4":{"loc":{"start":{"line":107,"column":13},"end":{"line":107,"column":110}},"type":"binary-expr","locations":[{"start":{"line":107,"column":13},"end":{"line":107,"column":35}},{"start":{"line":107,"column":39},"end":{"line":107,"column":110}}],"line":107},"5":{"loc":{"start":{"line":108,"column":13},"end":{"line":108,"column":112}},"type":"binary-expr","locations":[{"start":{"line":108,"column":13},"end":{"line":108,"column":37}},{"start":{"line":108,"column":41},"end":{"line":108,"column":112}}],"line":108},"6":{"loc":{"start":{"line":109,"column":13},"end":{"line":109,"column":95}},"type":"binary-expr","locations":[{"start":{"line":109,"column":13},"end":{"line":109,"column":27}},{"start":{"line":109,"column":31},"end":{"line":109,"column":95}}],"line":109},"7":{"loc":{"start":{"line":110,"column":13},"end":{"line":110,"column":94}},"type":"binary-expr","locations":[{"start":{"line":110,"column":13},"end":{"line":110,"column":26}},{"start":{"line":110,"column":30},"end":{"line":110,"column":94}}],"line":110},"8":{"loc":{"start":{"line":111,"column":13},"end":{"line":111,"column":94}},"type":"binary-expr","locations":[{"start":{"line":111,"column":13},"end":{"line":111,"column":26}},{"start":{"line":111,"column":30},"end":{"line":111,"column":94}}],"line":111},"9":{"loc":{"start":{"line":112,"column":13},"end":{"line":112,"column":88}},"type":"binary-expr","locations":[{"start":{"line":112,"column":13},"end":{"line":112,"column":23}},{"start":{"line":112,"column":27},"end":{"line":112,"column":88}}],"line":112}},"s":{"0":2,"1":22,"2":22,"3":22,"4":22,"5":22,"6":22,"7":22,"8":22,"9":22,"10":22,"11":22,"12":9,"13":9,"14":22,"15":22,"16":22,"17":1,"18":22,"19":1,"20":22,"21":1,"22":22,"23":1,"24":22,"25":0,"26":0,"27":0,"28":0,"29":0,"30":0,"31":0,"32":0,"33":0,"34":0,"35":0,"36":0,"37":0,"38":0,"39":0,"40":0,"41":0,"42":0,"43":0,"44":0,"45":0,"46":0,"47":0,"48":0,"49":22,"50":0,"51":0,"52":0,"53":22},"f":{"0":22,"1":22,"2":9,"3":1,"4":1,"5":1,"6":1,"7":0,"8":0},"b":{"0":[0,0],"1":[0,0],"2":[0,0],"3":[0,0],"4":[22,0],"5":[22,0],"6":[22,9],"7":[22,0],"8":[22,0],"9":[22,0]},"_coverageSchema":"1a1c01bbd47fc00a2c39e90264f33305004495a9","hash":"d653c0231ea96dd41278f5101dc964ca00705e92"}
,"C:\\Users\\Kwame\\Desktop\\React Projects\\New Todo\\Fullstack-todo-app\\todo_client\\src\\Redux\\usersSlice.js": {"path":"C:\\Users\\Kwame\\Desktop\\React Projects\\New Todo\\Fullstack-todo-app\\todo_client\\src\\Redux\\usersSlice.js","statementMap":{"0":{"start":{"line":4,"column":19},"end":{"line":52,"column":2}},"1":{"start":{"line":18,"column":12},"end":{"line":18,"column":36}},"2":{"start":{"line":21,"column":12},"end":{"line":21,"column":38}},"3":{"start":{"line":22,"column":12},"end":{"line":22,"column":44}},"4":{"start":{"line":23,"column":12},"end":{"line":23,"column":37}},"5":{"start":{"line":24,"column":12},"end":{"line":24,"column":35}},"6":{"start":{"line":27,"column":12},"end":{"line":27,"column":38}},"7":{"start":{"line":28,"column":12},"end":{"line":28,"column":35}},"8":{"start":{"line":31,"column":12},"end":{"line":31,"column":36}},"9":{"start":{"line":34,"column":12},"end":{"line":34,"column":44}},"10":{"start":{"line":37,"column":12},"end":{"line":37,"column":46}},"11":{"start":{"line":38,"column":12},"end":{"line":38,"column":45}},"12":{"start":{"line":39,"column":12},"end":{"line":39,"column":43}},"13":{"start":{"line":42,"column":12},"end":{"line":42,"column":46}},"14":{"start":{"line":43,"column":12},"end":{"line":43,"column":43}},"15":{"start":{"line":46,"column":12},"end":{"line":46,"column":46}},"16":{"start":{"line":49,"column":12},"end":{"line":49,"column":33}},"17":{"start":{"line":55,"column":148},"end":{"line":55,"column":166}}},"fnMap":{"0":{"name":"(anonymous_0)","decl":{"start":{"line":17,"column":20},"end":{"line":17,"column":21}},"loc":{"start":{"line":17,"column":31},"end":{"line":19,"column":9}},"line":17},"1":{"name":"(anonymous_1)","decl":{"start":{"line":20,"column":22},"end":{"line":20,"column":23}},"loc":{"start":{"line":20,"column":41},"end":{"line":25,"column":9}},"line":20},"2":{"name":"(anonymous_2)","decl":{"start":{"line":26,"column":20},"end":{"line":26,"column":21}},"loc":{"start":{"line":26,"column":31},"end":{"line":29,"column":9}},"line":26},"3":{"name":"(anonymous_3)","decl":{"start":{"line":30,"column":18},"end":{"line":30,"column":19}},"loc":{"start":{"line":30,"column":29},"end":{"line":32,"column":9}},"line":30},"4":{"name":"(anonymous_4)","decl":{"start":{"line":33,"column":27},"end":{"line":33,"column":28}},"loc":{"start":{"line":33,"column":38},"end":{"line":35,"column":9}},"line":33},"5":{"name":"(anonymous_5)","decl":{"start":{"line":36,"column":29},"end":{"line":36,"column":30}},"loc":{"start":{"line":36,"column":48},"end":{"line":40,"column":9}},"line":36},"6":{"name":"(anonymous_6)","decl":{"start":{"line":41,"column":27},"end":{"line":41,"column":28}},"loc":{"start":{"line":41,"column":38},"end":{"line":44,"column":9}},"line":41},"7":{"name":"(anonymous_7)","decl":{"start":{"line":45,"column":25},"end":{"line":45,"column":26}},"loc":{"start":{"line":45,"column":36},"end":{"line":47,"column":9}},"line":45},"8":{"name":"(anonymous_8)","decl":{"start":{"line":48,"column":16},"end":{"line":48,"column":17}},"loc":{"start":{"line":48,"column":27},"end":{"line":50,"column":9}},"line":48}},"branchMap":{},"s":{"0":2,"1":2,"2":0,"3":0,"4":0,"5":0,"6":1,"7":1,"8":0,"9":0,"10":0,"11":0,"12":0,"13":0,"14":0,"15":0,"16":0,"17":2},"f":{"0":2,"1":0,"2":1,"3":0,"4":0,"5":0,"6":0,"7":0,"8":0},"b":{},"_coverageSchema":"1a1c01bbd47fc00a2c39e90264f33305004495a9","hash":"13d41437a2e6d22854823bba8ce99eff777bac98"}
}
