{"C:\\Users\\Kwame\\Desktop\\React Projects\\New Todo\\Fullstack-todo-app\\todo_client\\src\\Pages\\loginPage.js": {"path":"C:\\Users\\Kwame\\Desktop\\React Projects\\New Todo\\Fullstack-todo-app\\todo_client\\src\\Pages\\loginPage.js","statementMap":{"0":{"start":{"line":10,"column":18},"end":{"line":92,"column":1}},"1":{"start":{"line":11,"column":17},"end":{"line":11,"column":50}},"2":{"start":{"line":11,"column":38},"end":{"line":11,"column":49}},"3":{"start":{"line":12,"column":30},"end":{"line":12,"column":42}},"4":{"start":{"line":13,"column":36},"end":{"line":13,"column":48}},"5":{"start":{"line":14,"column":46},"end":{"line":14,"column":61}},"6":{"start":{"line":15,"column":60},"end":{"line":15,"column":75}},"7":{"start":{"line":17,"column":21},"end":{"line":17,"column":34}},"8":{"start":{"line":20,"column":24},"end":{"line":23,"column":5}},"9":{"start":{"line":25,"column":24},"end":{"line":27,"column":5}},"10":{"start":{"line":26,"column":8},"end":{"line":26,"column":32}},"11":{"start":{"line":29,"column":28},"end":{"line":31,"column":5}},"12":{"start":{"line":30,"column":8},"end":{"line":30,"column":35}},"13":{"start":{"line":34,"column":25},"end":{"line":47,"column":5}},"14":{"start":{"line":35,"column":12},"end":{"line":35,"column":34}},"15":{"start":{"line":36,"column":12},"end":{"line":38,"column":13}},"16":{"start":{"line":37,"column":15},"end":{"line":37,"column":44}},"17":{"start":{"line":39,"column":12},"end":{"line":45,"column":13}},"18":{"start":{"line":40,"column":28},"end":{"line":40,"column":75}},"19":{"start":{"line":41,"column":16},"end":{"line":41,"column":48}},"20":{"start":{"line":44,"column":16},"end":{"line":44,"column":38}},"21":{"start":{"line":50,"column":33},"end":{"line":52,"column":5}},"22":{"start":{"line":51,"column":8},"end":{"line":51,"column":37}},"23":{"start":{"line":54,"column":2},"end":{"line":91,"column":3}}},"fnMap":{"0":{"name":"(anonymous_0)","decl":{"start":{"line":10,"column":18},"end":{"line":10,"column":19}},"loc":{"start":{"line":10,"column":24},"end":{"line":92,"column":1}},"line":10},"1":{"name":"(anonymous_1)","decl":{"start":{"line":11,"column":29},"end":{"line":11,"column":30}},"loc":{"start":{"line":11,"column":38},"end":{"line":11,"column":49}},"line":11},"2":{"name":"(anonymous_2)","decl":{"start":{"line":25,"column":24},"end":{"line":25,"column":25}},"loc":{"start":{"line":25,"column":31},"end":{"line":27,"column":5}},"line":25},"3":{"name":"(anonymous_3)","decl":{"start":{"line":29,"column":28},"end":{"line":29,"column":29}},"loc":{"start":{"line":29,"column":35},"end":{"line":31,"column":5}},"line":29},"4":{"name":"(anonymous_4)","decl":{"start":{"line":34,"column":25},"end":{"line":34,"column":26}},"loc":{"start":{"line":34,"column":36},"end":{"line":47,"column":5}},"line":34},"5":{"name":"(anonymous_5)","decl":{"start":{"line":50,"column":33},"end":{"line":50,"column":34}},"loc":{"start":{"line":50,"column":39},"end":{"line":52,"column":5}},"line":50}},"branchMap":{"0":{"loc":{"start":{"line":36,"column":12},"end":{"line":38,"column":13}},"type":"if","locations":[{"start":{"line":36,"column":12},"end":{"line":38,"column":13}},{"start":{},"end":{}}],"line":36},"1":{"loc":{"start":{"line":63,"column":12},"end":{"line":85,"column":27}},"type":"cond-expr","locations":[{"start":{"line":63,"column":34},"end":{"line":63,"column":99}},{"start":{"line":64,"column":11},"end":{"line":85,"column":27}}],"line":63},"2":{"loc":{"start":{"line":67,"column":67},"end":{"line":67,"column":103}},"type":"cond-expr","locations":[{"start":{"line":67,"column":83},"end":{"line":67,"column":92}},{"start":{"line":67,"column":95},"end":{"line":67,"column":103}}],"line":67},"3":{"loc":{"start":{"line":68,"column":71},"end":{"line":68,"column":106}},"type":"cond-expr","locations":[{"start":{"line":68,"column":86},"end":{"line":68,"column":95}},{"start":{"line":68,"column":98},"end":{"line":68,"column":106}}],"line":68}},"s":{"0":1,"1":13,"2":15,"3":13,"4":13,"5":13,"6":13,"7":13,"8":13,"9":13,"10":2,"11":13,"12":2,"13":13,"14":2,"15":2,"16":1,"17":1,"18":1,"19":0,"20":1,"21":13,"22":1,"23":13},"f":{"0":13,"1":15,"2":2,"3":2,"4":2,"5":1},"b":{"0":[1,1],"1":[1,12],"2":[3,9],"3":[1,11]},"_coverageSchema":"1a1c01bbd47fc00a2c39e90264f33305004495a9","hash":"a7345469db5c58f052b6f0dc550838fcb9190493"}
,"C:\\Users\\Kwame\\Desktop\\React Projects\\New Todo\\Fullstack-todo-app\\todo_client\\src\\Redux\\usersSlice.js": {"path":"C:\\Users\\Kwame\\Desktop\\React Projects\\New Todo\\Fullstack-todo-app\\todo_client\\src\\Redux\\usersSlice.js","statementMap":{"0":{"start":{"line":4,"column":19},"end":{"line":52,"column":2}},"1":{"start":{"line":18,"column":12},"end":{"line":18,"column":36}},"2":{"start":{"line":21,"column":12},"end":{"line":21,"column":38}},"3":{"start":{"line":22,"column":12},"end":{"line":22,"column":44}},"4":{"start":{"line":23,"column":12},"end":{"line":23,"column":37}},"5":{"start":{"line":24,"column":12},"end":{"line":24,"column":35}},"6":{"start":{"line":27,"column":12},"end":{"line":27,"column":38}},"7":{"start":{"line":28,"column":12},"end":{"line":28,"column":35}},"8":{"start":{"line":31,"column":12},"end":{"line":31,"column":36}},"9":{"start":{"line":34,"column":12},"end":{"line":34,"column":44}},"10":{"start":{"line":37,"column":12},"end":{"line":37,"column":46}},"11":{"start":{"line":38,"column":12},"end":{"line":38,"column":45}},"12":{"start":{"line":39,"column":12},"end":{"line":39,"column":43}},"13":{"start":{"line":42,"column":12},"end":{"line":42,"column":46}},"14":{"start":{"line":43,"column":12},"end":{"line":43,"column":43}},"15":{"start":{"line":46,"column":12},"end":{"line":46,"column":46}},"16":{"start":{"line":49,"column":12},"end":{"line":49,"column":33}},"17":{"start":{"line":55,"column":148},"end":{"line":55,"column":166}}},"fnMap":{"0":{"name":"(anonymous_0)","decl":{"start":{"line":17,"column":20},"end":{"line":17,"column":21}},"loc":{"start":{"line":17,"column":31},"end":{"line":19,"column":9}},"line":17},"1":{"name":"(anonymous_1)","decl":{"start":{"line":20,"column":22},"end":{"line":20,"column":23}},"loc":{"start":{"line":20,"column":41},"end":{"line":25,"column":9}},"line":20},"2":{"name":"(anonymous_2)","decl":{"start":{"line":26,"column":20},"end":{"line":26,"column":21}},"loc":{"start":{"line":26,"column":31},"end":{"line":29,"column":9}},"line":26},"3":{"name":"(anonymous_3)","decl":{"start":{"line":30,"column":18},"end":{"line":30,"column":19}},"loc":{"start":{"line":30,"column":29},"end":{"line":32,"column":9}},"line":30},"4":{"name":"(anonymous_4)","decl":{"start":{"line":33,"column":27},"end":{"line":33,"column":28}},"loc":{"start":{"line":33,"column":38},"end":{"line":35,"column":9}},"line":33},"5":{"name":"(anonymous_5)","decl":{"start":{"line":36,"column":29},"end":{"line":36,"column":30}},"loc":{"start":{"line":36,"column":48},"end":{"line":40,"column":9}},"line":36},"6":{"name":"(anonymous_6)","decl":{"start":{"line":41,"column":27},"end":{"line":41,"column":28}},"loc":{"start":{"line":41,"column":38},"end":{"line":44,"column":9}},"line":41},"7":{"name":"(anonymous_7)","decl":{"start":{"line":45,"column":25},"end":{"line":45,"column":26}},"loc":{"start":{"line":45,"column":36},"end":{"line":47,"column":9}},"line":45},"8":{"name":"(anonymous_8)","decl":{"start":{"line":48,"column":16},"end":{"line":48,"column":17}},"loc":{"start":{"line":48,"column":27},"end":{"line":50,"column":9}},"line":48}},"branchMap":{},"s":{"0":1,"1":2,"2":0,"3":0,"4":0,"5":0,"6":1,"7":1,"8":0,"9":0,"10":0,"11":0,"12":0,"13":0,"14":0,"15":0,"16":0,"17":1},"f":{"0":2,"1":0,"2":1,"3":0,"4":0,"5":0,"6":0,"7":0,"8":0},"b":{},"_coverageSchema":"1a1c01bbd47fc00a2c39e90264f33305004495a9","hash":"13d41437a2e6d22854823bba8ce99eff777bac98"}
}
