TN:
SF:src\Pages\registerPage.js
FN:11,(anonymous_0)
FN:12,(anonymous_1)
FN:23,(anonymous_2)
FN:40,(anonymous_3)
FN:44,(anonymous_4)
FN:48,(anonymous_5)
FN:52,(anonymous_6)
FN:57,(anonymous_7)
FN:94,(anonymous_8)
FNF:9
FNH:8
FNDA:39,(anonymous_0)
FNDA:39,(anonymous_1)
FNDA:12,(anonymous_2)
FNDA:2,(anonymous_3)
FNDA:4,(anonymous_4)
FNDA:3,(anonymous_5)
FNDA:2,(anonymous_6)
FNDA:4,(anonymous_7)
FNDA:0,(anonymous_8)
DA:11,1
DA:12,39
DA:13,39
DA:14,39
DA:15,39
DA:16,39
DA:17,39
DA:18,39
DA:19,39
DA:20,39
DA:23,39
DA:24,12
DA:25,12
DA:29,39
DA:33,39
DA:40,39
DA:41,2
DA:44,39
DA:45,4
DA:48,39
DA:49,3
DA:52,39
DA:53,2
DA:57,39
DA:58,4
DA:60,4
DA:61,1
DA:63,3
DA:64,1
DA:65,1
DA:67,2
DA:68,1
DA:69,1
DA:70,1
DA:72,1
DA:73,1
DA:74,1
DA:75,1
DA:76,1
DA:78,0
DA:79,0
DA:80,0
DA:81,0
DA:82,0
DA:83,0
DA:84,0
DA:85,0
DA:89,0
DA:94,39
DA:95,0
DA:96,0
DA:97,0
DA:101,39
LF:53
LH:41
BRDA:60,0,0,1
BRDA:60,0,1,3
BRDA:63,1,0,1
BRDA:63,1,1,2
BRDA:67,2,0,1
BRDA:67,2,1,1
BRDA:72,3,0,1
BRDA:72,3,1,0
BRDA:107,4,0,0
BRDA:107,4,1,39
BRDA:108,5,0,0
BRDA:108,5,1,39
BRDA:109,6,0,26
BRDA:109,6,1,13
BRDA:110,7,0,1
BRDA:110,7,1,38
BRDA:111,8,0,1
BRDA:111,8,1,38
BRDA:112,9,0,1
BRDA:112,9,1,38
BRF:20
BRH:17
end_of_record
TN:
SF:src\Redux\usersSlice.js
FN:17,(anonymous_0)
FN:20,(anonymous_1)
FN:26,(anonymous_2)
FN:30,(anonymous_3)
FN:33,(anonymous_4)
FN:36,(anonymous_5)
FN:41,(anonymous_6)
FN:45,(anonymous_7)
FN:48,(anonymous_8)
FNF:9
FNH:0
FNDA:0,(anonymous_0)
FNDA:0,(anonymous_1)
FNDA:0,(anonymous_2)
FNDA:0,(anonymous_3)
FNDA:0,(anonymous_4)
FNDA:0,(anonymous_5)
FNDA:0,(anonymous_6)
FNDA:0,(anonymous_7)
FNDA:0,(anonymous_8)
DA:4,1
DA:18,0
DA:21,0
DA:22,0
DA:23,0
DA:24,0
DA:27,0
DA:28,0
DA:31,0
DA:34,0
DA:37,0
DA:38,0
DA:39,0
DA:42,0
DA:43,0
DA:46,0
DA:49,0
DA:55,1
LF:18
LH:2
BRF:0
BRH:0
end_of_record
